This is pdfTeX, Version 3.141592653-2.6-1.40.25 (TeX Live 2023) (preloaded format=pdflatex 2023.4.5)  10 MAY 2023 15:50
entering extended mode
 restricted \write18 enabled.
 %&-line parsing enabled.
**2023.05.01_HW4-FinalProject_Dougherty.tex
(./2023.05.01_HW4-FinalProject_Dougherty.tex
LaTeX2e <2022-11-01> patch level 1
L3 programming layer <2023-03-30> (c:/Users/mark1/AppData/Roaming/TinyTeX/texmf-dist/tex/latex/base/article.cls
Document Class: article 2022/07/02 v1.4n Standard LaTeX document class
(c:/Users/mark1/AppData/Roaming/TinyTeX/texmf-dist/tex/latex/base/size10.clo
File: size10.clo 2022/07/02 v1.4n Standard LaTeX file (size option)
)
\c@part=\count185
\c@section=\count186
\c@subsection=\count187
\c@subsubsection=\count188
\c@paragraph=\count189
\c@subparagraph=\count190
\c@figure=\count191
\c@table=\count192
\abovecaptionskip=\skip48
\belowcaptionskip=\skip49
\bibindent=\dimen140
) (c:/Users/mark1/AppData/Roaming/TinyTeX/texmf-dist/tex/latex/amsmath/amsmath.sty
Package: amsmath 2022/04/08 v2.17n AMS math features
\@mathmargin=\skip50
For additional information on amsmath, use the `?' option.
(c:/Users/mark1/AppData/Roaming/TinyTeX/texmf-dist/tex/latex/amsmath/amstext.sty
Package: amstext 2021/08/26 v2.01 AMS text
(c:/Users/mark1/AppData/Roaming/TinyTeX/texmf-dist/tex/latex/amsmath/amsgen.sty
File: amsgen.sty 1999/11/30 v2.0 generic functions
\@emptytoks=\toks16
\ex@=\dimen141
)) (c:/Users/mark1/AppData/Roaming/TinyTeX/texmf-dist/tex/latex/amsmath/amsbsy.sty
Package: amsbsy 1999/11/29 v1.2d Bold Symbols
\pmbraise@=\dimen142
) (c:/Users/mark1/AppData/Roaming/TinyTeX/texmf-dist/tex/latex/amsmath/amsopn.sty
Package: amsopn 2022/04/08 v2.04 operator names
)
\inf@bad=\count193
LaTeX Info: Redefining \frac on input line 234.
\uproot@=\count194
\leftroot@=\count195
LaTeX Info: Redefining \overline on input line 399.
LaTeX Info: Redefining \colon on input line 410.
\classnum@=\count196
\DOTSCASE@=\count197
LaTeX Info: Redefining \ldots on input line 496.
LaTeX Info: Redefining \dots on input line 499.
LaTeX Info: Redefining \cdots on input line 620.
\Mathstrutbox@=\box51
\strutbox@=\box52
LaTeX Info: Redefining \big on input line 722.
LaTeX Info: Redefining \Big on input line 723.
LaTeX Info: Redefining \bigg on input line 724.
LaTeX Info: Redefining \Bigg on input line 725.
\big@size=\dimen143
LaTeX Font Info:    Redeclaring font encoding OML on input line 743.
LaTeX Font Info:    Redeclaring font encoding OMS on input line 744.
\macc@depth=\count198
LaTeX Info: Redefining \bmod on input line 905.
LaTeX Info: Redefining \pmod on input line 910.
LaTeX Info: Redefining \smash on input line 940.
LaTeX Info: Redefining \relbar on input line 970.
LaTeX Info: Redefining \Relbar on input line 971.
\c@MaxMatrixCols=\count199
\dotsspace@=\muskip16
\c@parentequation=\count266
\dspbrk@lvl=\count267
\tag@help=\toks17
\row@=\count268
\column@=\count269
\maxfields@=\count270
\andhelp@=\toks18
\eqnshift@=\dimen144
\alignsep@=\dimen145
\tagshift@=\dimen146
\tagwidth@=\dimen147
\totwidth@=\dimen148
\lineht@=\dimen149
\@envbody=\toks19
\multlinegap=\skip51
\multlinetaggap=\skip52
\mathdisplay@stack=\toks20
LaTeX Info: Redefining \[ on input line 2953.
LaTeX Info: Redefining \] on input line 2954.
) (c:/Users/mark1/AppData/Roaming/TinyTeX/texmf-dist/tex/latex/amsfonts/amssymb.sty
Package: amssymb 2013/01/14 v3.01 AMS font symbols
(c:/Users/mark1/AppData/Roaming/TinyTeX/texmf-dist/tex/latex/amsfonts/amsfonts.sty
Package: amsfonts 2013/01/14 v3.01 Basic AMSFonts support
\symAMSa=\mathgroup4
\symAMSb=\mathgroup5
LaTeX Font Info:    Redeclaring math symbol \hbar on input line 98.
LaTeX Font Info:    Overwriting math alphabet `\mathfrak' in version `bold'
(Font)                  U/euf/m/n --> U/euf/b/n on input line 106.
)) (c:/Users/mark1/AppData/Roaming/TinyTeX/texmf-dist/tex/generic/iftex/iftex.sty
Package: iftex 2022/02/03 v1.0f TeX engine tests
) (c:/Users/mark1/AppData/Roaming/TinyTeX/texmf-dist/tex/latex/base/fontenc.sty
Package: fontenc 2021/04/29 v2.0v Standard LaTeX package
) (c:/Users/mark1/AppData/Roaming/TinyTeX/texmf-dist/tex/latex/base/inputenc.sty
Package: inputenc 2021/02/14 v1.3d Input encoding file
\inpenc@prehook=\toks21
\inpenc@posthook=\toks22
) (c:/Users/mark1/AppData/Roaming/TinyTeX/texmf-dist/tex/latex/base/textcomp.sty
Package: textcomp 2020/02/02 v2.0n Standard LaTeX package
) (c:/Users/mark1/AppData/Roaming/TinyTeX/texmf-dist/tex/latex/lm/lmodern.sty
Package: lmodern 2015/05/01 v1.6.1 Latin Modern Fonts
LaTeX Font Info:    Overwriting symbol font `operators' in version `normal'
(Font)                  OT1/cmr/m/n --> OT1/lmr/m/n on input line 22.
LaTeX Font Info:    Overwriting symbol font `letters' in version `normal'
(Font)                  OML/cmm/m/it --> OML/lmm/m/it on input line 23.
LaTeX Font Info:    Overwriting symbol font `symbols' in version `normal'
(Font)                  OMS/cmsy/m/n --> OMS/lmsy/m/n on input line 24.
LaTeX Font Info:    Overwriting symbol font `largesymbols' in version `normal'
(Font)                  OMX/cmex/m/n --> OMX/lmex/m/n on input line 25.
LaTeX Font Info:    Overwriting symbol font `operators' in version `bold'
(Font)                  OT1/cmr/bx/n --> OT1/lmr/bx/n on input line 26.
LaTeX Font Info:    Overwriting symbol font `letters' in version `bold'
(Font)                  OML/cmm/b/it --> OML/lmm/b/it on input line 27.
LaTeX Font Info:    Overwriting symbol font `symbols' in version `bold'
(Font)                  OMS/cmsy/b/n --> OMS/lmsy/b/n on input line 28.
LaTeX Font Info:    Overwriting symbol font `largesymbols' in version `bold'
(Font)                  OMX/cmex/m/n --> OMX/lmex/m/n on input line 29.
LaTeX Font Info:    Overwriting math alphabet `\mathbf' in version `normal'
(Font)                  OT1/cmr/bx/n --> OT1/lmr/bx/n on input line 31.
LaTeX Font Info:    Overwriting math alphabet `\mathsf' in version `normal'
(Font)                  OT1/cmss/m/n --> OT1/lmss/m/n on input line 32.
LaTeX Font Info:    Overwriting math alphabet `\mathit' in version `normal'
(Font)                  OT1/cmr/m/it --> OT1/lmr/m/it on input line 33.
LaTeX Font Info:    Overwriting math alphabet `\mathtt' in version `normal'
(Font)                  OT1/cmtt/m/n --> OT1/lmtt/m/n on input line 34.
LaTeX Font Info:    Overwriting math alphabet `\mathbf' in version `bold'
(Font)                  OT1/cmr/bx/n --> OT1/lmr/bx/n on input line 35.
LaTeX Font Info:    Overwriting math alphabet `\mathsf' in version `bold'
(Font)                  OT1/cmss/bx/n --> OT1/lmss/bx/n on input line 36.
LaTeX Font Info:    Overwriting math alphabet `\mathit' in version `bold'
(Font)                  OT1/cmr/bx/it --> OT1/lmr/bx/it on input line 37.
LaTeX Font Info:    Overwriting math alphabet `\mathtt' in version `bold'
(Font)                  OT1/cmtt/m/n --> OT1/lmtt/m/n on input line 38.
) (c:/Users/mark1/AppData/Roaming/TinyTeX/texmf-dist/tex/latex/xcolor/xcolor.sty
Package: xcolor 2022/06/12 v2.14 LaTeX color extensions (UK)
(c:/Users/mark1/AppData/Roaming/TinyTeX/texmf-dist/tex/latex/graphics-cfg/color.cfg
File: color.cfg 2016/01/02 v1.6 sample color configuration
)
Package xcolor Info: Driver file: pdftex.def on input line 227.
(c:/Users/mark1/AppData/Roaming/TinyTeX/texmf-dist/tex/latex/graphics-def/pdftex.def
File: pdftex.def 2022/09/22 v1.2b Graphics/color driver for pdftex
) (c:/Users/mark1/AppData/Roaming/TinyTeX/texmf-dist/tex/latex/graphics/mathcolor.ltx)
Package xcolor Info: Model `cmy' substituted by `cmy0' on input line 1353.
Package xcolor Info: Model `hsb' substituted by `rgb' on input line 1357.
Package xcolor Info: Model `RGB' extended on input line 1369.
Package xcolor Info: Model `HTML' substituted by `rgb' on input line 1371.
Package xcolor Info: Model `Hsb' substituted by `hsb' on input line 1372.
Package xcolor Info: Model `tHsb' substituted by `hsb' on input line 1373.
Package xcolor Info: Model `HSB' substituted by `hsb' on input line 1374.
Package xcolor Info: Model `Gray' substituted by `gray' on input line 1375.
Package xcolor Info: Model `wave' substituted by `hsb' on input line 1376.
) (c:/Users/mark1/AppData/Roaming/TinyTeX/texmf-dist/tex/latex/geometry/geometry.sty
Package: geometry 2020/01/02 v5.9 Page Geometry
(c:/Users/mark1/AppData/Roaming/TinyTeX/texmf-dist/tex/latex/graphics/keyval.sty
Package: keyval 2022/05/29 v1.15 key=value parser (DPC)
\KV@toks@=\toks23
) (c:/Users/mark1/AppData/Roaming/TinyTeX/texmf-dist/tex/generic/iftex/ifvtex.sty
Package: ifvtex 2019/10/25 v1.7 ifvtex legacy package. Use iftex instead.
)
\Gm@cnth=\count271
\Gm@cntv=\count272
\c@Gm@tempcnt=\count273
\Gm@bindingoffset=\dimen150
\Gm@wd@mp=\dimen151
\Gm@odd@mp=\dimen152
\Gm@even@mp=\dimen153
\Gm@layoutwidth=\dimen154
\Gm@layoutheight=\dimen155
\Gm@layouthoffset=\dimen156
\Gm@layoutvoffset=\dimen157
\Gm@dimlist=\toks24
) (c:/Users/mark1/AppData/Roaming/TinyTeX/texmf-dist/tex/latex/fancyvrb/fancyvrb.sty
Package: fancyvrb 2023/01/19 4.5a verbatim text (tvz,hv)
\FV@CodeLineNo=\count274
\FV@InFile=\read2
\FV@TabBox=\box53
\c@FancyVerbLine=\count275
\FV@StepNumber=\count276
\FV@OutFile=\write3
) (c:/Users/mark1/AppData/Roaming/TinyTeX/texmf-dist/tex/latex/framed/framed.sty
Package: framed 2011/10/22 v 0.96: framed or shaded text with page breaks
\OuterFrameSep=\skip53
\fb@frw=\dimen158
\fb@frh=\dimen159
\FrameRule=\dimen160
\FrameSep=\dimen161
) (c:/Users/mark1/AppData/Roaming/TinyTeX/texmf-dist/tex/latex/graphics/graphicx.sty
Package: graphicx 2021/09/16 v1.2d Enhanced LaTeX Graphics (DPC,SPQR)
(c:/Users/mark1/AppData/Roaming/TinyTeX/texmf-dist/tex/latex/graphics/graphics.sty
Package: graphics 2022/03/10 v1.4e Standard LaTeX Graphics (DPC,SPQR)
(c:/Users/mark1/AppData/Roaming/TinyTeX/texmf-dist/tex/latex/graphics/trig.sty
Package: trig 2021/08/11 v1.11 sin cos tan (DPC)
) (c:/Users/mark1/AppData/Roaming/TinyTeX/texmf-dist/tex/latex/graphics-cfg/graphics.cfg
File: graphics.cfg 2016/06/04 v1.11 sample graphics configuration
)
Package graphics Info: Driver file: pdftex.def on input line 107.
)
\Gin@req@height=\dimen162
\Gin@req@width=\dimen163
) (c:/Users/mark1/AppData/Roaming/TinyTeX/texmf-dist/tex/latex/hyperref/hyperref.sty
Package: hyperref 2023-02-07 v7.00v Hypertext links for LaTeX
(c:/Users/mark1/AppData/Roaming/TinyTeX/texmf-dist/tex/generic/ltxcmds/ltxcmds.sty
Package: ltxcmds 2020-05-10 v1.25 LaTeX kernel commands for general use (HO)
) (c:/Users/mark1/AppData/Roaming/TinyTeX/texmf-dist/tex/generic/pdftexcmds/pdftexcmds.sty
Package: pdftexcmds 2020-06-27 v0.33 Utility functions of pdfTeX for LuaTeX (HO)
(c:/Users/mark1/AppData/Roaming/TinyTeX/texmf-dist/tex/generic/infwarerr/infwarerr.sty
Package: infwarerr 2019/12/03 v1.5 Providing info/warning/error messages (HO)
)
Package pdftexcmds Info: \pdf@primitive is available.
Package pdftexcmds Info: \pdf@ifprimitive is available.
Package pdftexcmds Info: \pdfdraftmode found.
) (c:/Users/mark1/AppData/Roaming/TinyTeX/texmf-dist/tex/latex/kvsetkeys/kvsetkeys.sty
Package: kvsetkeys 2022-10-05 v1.19 Key value parser (HO)
) (c:/Users/mark1/AppData/Roaming/TinyTeX/texmf-dist/tex/generic/kvdefinekeys/kvdefinekeys.sty
Package: kvdefinekeys 2019-12-19 v1.6 Define keys (HO)
) (c:/Users/mark1/AppData/Roaming/TinyTeX/texmf-dist/tex/generic/pdfescape/pdfescape.sty
Package: pdfescape 2019/12/09 v1.15 Implements pdfTeX's escape features (HO)
) (c:/Users/mark1/AppData/Roaming/TinyTeX/texmf-dist/tex/latex/hycolor/hycolor.sty
Package: hycolor 2020-01-27 v1.10 Color options for hyperref/bookmark (HO)
) (c:/Users/mark1/AppData/Roaming/TinyTeX/texmf-dist/tex/latex/letltxmacro/letltxmacro.sty
Package: letltxmacro 2019/12/03 v1.6 Let assignment for LaTeX macros (HO)
) (c:/Users/mark1/AppData/Roaming/TinyTeX/texmf-dist/tex/latex/auxhook/auxhook.sty
Package: auxhook 2019-12-17 v1.6 Hooks for auxiliary files (HO)
) (c:/Users/mark1/AppData/Roaming/TinyTeX/texmf-dist/tex/latex/hyperref/nameref.sty
Package: nameref 2022-05-17 v2.50 Cross-referencing by name of section
(c:/Users/mark1/AppData/Roaming/TinyTeX/texmf-dist/tex/latex/refcount/refcount.sty
Package: refcount 2019/12/15 v3.6 Data extraction from label references (HO)
) (c:/Users/mark1/AppData/Roaming/TinyTeX/texmf-dist/tex/generic/gettitlestring/gettitlestring.sty
Package: gettitlestring 2019/12/15 v1.6 Cleanup title references (HO)
(c:/Users/mark1/AppData/Roaming/TinyTeX/texmf-dist/tex/latex/kvoptions/kvoptions.sty
Package: kvoptions 2022-06-15 v3.15 Key value format for package options (HO)
))
\c@section@level=\count277
)
\@linkdim=\dimen164
\Hy@linkcounter=\count278
\Hy@pagecounter=\count279
(c:/Users/mark1/AppData/Roaming/TinyTeX/texmf-dist/tex/latex/hyperref/pd1enc.def
File: pd1enc.def 2023-02-07 v7.00v Hyperref: PDFDocEncoding definition (HO)
Now handling font encoding PD1 ...
... no UTF-8 mapping file for font encoding PD1
) (c:/Users/mark1/AppData/Roaming/TinyTeX/texmf-dist/tex/generic/intcalc/intcalc.sty
Package: intcalc 2019/12/15 v1.3 Expandable calculations with integers (HO)
) (c:/Users/mark1/AppData/Roaming/TinyTeX/texmf-dist/tex/generic/etexcmds/etexcmds.sty
Package: etexcmds 2019/12/15 v1.7 Avoid name clashes with e-TeX commands (HO)
)
\Hy@SavedSpaceFactor=\count280
(c:/Users/mark1/AppData/Roaming/TinyTeX/texmf-dist/tex/latex/hyperref/puenc.def
File: puenc.def 2023-02-07 v7.00v Hyperref: PDF Unicode definition (HO)
Now handling font encoding PU ...
... no UTF-8 mapping file for font encoding PU
)
Package hyperref Info: Option `unicode' set `true' on input line 4060.
Package hyperref Info: Hyper figures OFF on input line 4177.
Package hyperref Info: Link nesting OFF on input line 4182.
Package hyperref Info: Hyper index ON on input line 4185.
Package hyperref Info: Plain pages OFF on input line 4192.
Package hyperref Info: Backreferencing OFF on input line 4197.
Package hyperref Info: Implicit mode ON; LaTeX internals redefined.
Package hyperref Info: Bookmarks ON on input line 4425.
\c@Hy@tempcnt=\count281
(c:/Users/mark1/AppData/Roaming/TinyTeX/texmf-dist/tex/latex/url/url.sty
\Urlmuskip=\muskip17
Package: url 2013/09/16  ver 3.4  Verb mode for urls, etc.
)
LaTeX Info: Redefining \url on input line 4763.
\XeTeXLinkMargin=\dimen165
(c:/Users/mark1/AppData/Roaming/TinyTeX/texmf-dist/tex/generic/bitset/bitset.sty
Package: bitset 2019/12/09 v1.3 Handle bit-vector datatype (HO)
(c:/Users/mark1/AppData/Roaming/TinyTeX/texmf-dist/tex/generic/bigintcalc/bigintcalc.sty
Package: bigintcalc 2019/12/15 v1.5 Expandable calculations on big integers (HO)
))
\Fld@menulength=\count282
\Field@Width=\dimen166
\Fld@charsize=\dimen167
Package hyperref Info: Hyper figures OFF on input line 6042.
Package hyperref Info: Link nesting OFF on input line 6047.
Package hyperref Info: Hyper index ON on input line 6050.
Package hyperref Info: backreferencing OFF on input line 6057.
Package hyperref Info: Link coloring OFF on input line 6062.
Package hyperref Info: Link coloring with OCG OFF on input line 6067.
Package hyperref Info: PDF/A mode OFF on input line 6072.
(c:/Users/mark1/AppData/Roaming/TinyTeX/texmf-dist/tex/latex/base/atbegshi-ltx.sty
Package: atbegshi-ltx 2021/01/10 v1.0c Emulation of the original atbegshi
package with kernel methods
)
\Hy@abspage=\count283
\c@Item=\count284
\c@Hfootnote=\count285
)
Package hyperref Info: Driver (autodetected): hpdftex.
(c:/Users/mark1/AppData/Roaming/TinyTeX/texmf-dist/tex/latex/hyperref/hpdftex.def
File: hpdftex.def 2023-02-07 v7.00v Hyperref driver for pdfTeX
(c:/Users/mark1/AppData/Roaming/TinyTeX/texmf-dist/tex/latex/base/atveryend-ltx.sty
Package: atveryend-ltx 2020/08/19 v1.0a Emulation of the original atveryend package
with kernel methods
)
\Fld@listcount=\count286
\c@bookmark@seq@number=\count287
(c:/Users/mark1/AppData/Roaming/TinyTeX/texmf-dist/tex/latex/rerunfilecheck/rerunfilecheck.sty
Package: rerunfilecheck 2022-07-10 v1.10 Rerun checks for auxiliary files (HO)
(c:/Users/mark1/AppData/Roaming/TinyTeX/texmf-dist/tex/generic/uniquecounter/uniquecounter.sty
Package: uniquecounter 2019/12/15 v1.4 Provide unlimited unique counter (HO)
)
Package uniquecounter Info: New unique counter `rerunfilecheck' on input line 285.
)
\Hy@SectionHShift=\skip54
)
LaTeX Font Info:    Trying to load font information for T1+lmr on input line 113.
(c:/Users/mark1/AppData/Roaming/TinyTeX/texmf-dist/tex/latex/lm/t1lmr.fd
File: t1lmr.fd 2015/05/01 v1.6.1 Font defs for Latin Modern
) (c:/Users/mark1/AppData/Roaming/TinyTeX/texmf-dist/tex/latex/l3backend/l3backend-pdftex.def
File: l3backend-pdftex.def 2023-03-30 L3 backend support: PDF output (pdfTeX)
\l__color_backend_stack_int=\count288
\l__pdf_internal_box=\box54
) (./2023.05.01_HW4-FinalProject_Dougherty.aux)
\openout1 = `2023.05.01_HW4-FinalProject_Dougherty.aux'.

LaTeX Font Info:    Checking defaults for OML/cmm/m/it on input line 113.
LaTeX Font Info:    ... okay on input line 113.
LaTeX Font Info:    Checking defaults for OMS/cmsy/m/n on input line 113.
LaTeX Font Info:    ... okay on input line 113.
LaTeX Font Info:    Checking defaults for OT1/cmr/m/n on input line 113.
LaTeX Font Info:    ... okay on input line 113.
LaTeX Font Info:    Checking defaults for T1/cmr/m/n on input line 113.
LaTeX Font Info:    ... okay on input line 113.
LaTeX Font Info:    Checking defaults for TS1/cmr/m/n on input line 113.
LaTeX Font Info:    ... okay on input line 113.
LaTeX Font Info:    Checking defaults for OMX/cmex/m/n on input line 113.
LaTeX Font Info:    ... okay on input line 113.
LaTeX Font Info:    Checking defaults for U/cmr/m/n on input line 113.
LaTeX Font Info:    ... okay on input line 113.
LaTeX Font Info:    Checking defaults for PD1/pdf/m/n on input line 113.
LaTeX Font Info:    ... okay on input line 113.
LaTeX Font Info:    Checking defaults for PU/pdf/m/n on input line 113.
LaTeX Font Info:    ... okay on input line 113.
(c:/Users/mark1/AppData/Roaming/TinyTeX/texmf-dist/tex/latex/epstopdf-pkg/epstopdf-base.sty
Package: epstopdf-base 2020-01-24 v2.11 Base part for package epstopdf
Package epstopdf-base Info: Redefining graphics rule for `.eps' on input line 485.
(c:/Users/mark1/AppData/Roaming/TinyTeX/texmf-dist/tex/latex/latexconfig/epstopdf-sys.cfg
File: epstopdf-sys.cfg 2010/07/13 v1.3 Configuration of (r)epstopdf for TeX Live
))
*geometry* driver: auto-detecting
*geometry* detected driver: pdftex
*geometry* verbose mode - [ preamble ] result:
* driver: pdftex
* paper: <default>
* layout: <same size as paper>
* layoutoffset:(h,v)=(0.0pt,0.0pt)
* modes: 
* h-part:(L,W,R)=(72.26999pt, 469.75502pt, 72.26999pt)
* v-part:(T,H,B)=(72.26999pt, 650.43001pt, 72.26999pt)
* \paperwidth=614.295pt
* \paperheight=794.96999pt
* \textwidth=469.75502pt
* \textheight=650.43001pt
* \oddsidemargin=0.0pt
* \evensidemargin=0.0pt
* \topmargin=-37.0pt
* \headheight=12.0pt
* \headsep=25.0pt
* \topskip=10.0pt
* \footskip=30.0pt
* \marginparwidth=65.0pt
* \marginparsep=11.0pt
* \columnsep=10.0pt
* \skip\footins=9.0pt plus 4.0pt minus 2.0pt
* \hoffset=0.0pt
* \voffset=0.0pt
* \mag=1000
* \@twocolumnfalse
* \@twosidefalse
* \@mparswitchfalse
* \@reversemarginfalse
* (1in=72.27pt=25.4mm, 1cm=28.453pt)

Package hyperref Info: Link coloring OFF on input line 113.
(./2023.05.01_HW4-FinalProject_Dougherty.out) (./2023.05.01_HW4-FinalProject_Dougherty.out)
\@outlinefile=\write4
\openout4 = `2023.05.01_HW4-FinalProject_Dougherty.out'.

LaTeX Font Info:    Trying to load font information for OT1+lmr on input line 115.
(c:/Users/mark1/AppData/Roaming/TinyTeX/texmf-dist/tex/latex/lm/ot1lmr.fd
File: ot1lmr.fd 2015/05/01 v1.6.1 Font defs for Latin Modern
)
LaTeX Font Info:    Trying to load font information for OML+lmm on input line 115.
(c:/Users/mark1/AppData/Roaming/TinyTeX/texmf-dist/tex/latex/lm/omllmm.fd
File: omllmm.fd 2015/05/01 v1.6.1 Font defs for Latin Modern
)
LaTeX Font Info:    Trying to load font information for OMS+lmsy on input line 115.
(c:/Users/mark1/AppData/Roaming/TinyTeX/texmf-dist/tex/latex/lm/omslmsy.fd
File: omslmsy.fd 2015/05/01 v1.6.1 Font defs for Latin Modern
)
LaTeX Font Info:    Trying to load font information for OMX+lmex on input line 115.
(c:/Users/mark1/AppData/Roaming/TinyTeX/texmf-dist/tex/latex/lm/omxlmex.fd
File: omxlmex.fd 2015/05/01 v1.6.1 Font defs for Latin Modern
)
LaTeX Font Info:    External font `lmex10' loaded for size
(Font)              <12> on input line 115.
LaTeX Font Info:    External font `lmex10' loaded for size
(Font)              <8> on input line 115.
LaTeX Font Info:    External font `lmex10' loaded for size
(Font)              <6> on input line 115.
LaTeX Font Info:    Trying to load font information for U+msa on input line 115.
(c:/Users/mark1/AppData/Roaming/TinyTeX/texmf-dist/tex/latex/amsfonts/umsa.fd
File: umsa.fd 2013/01/14 v3.01 AMS symbols A
)
LaTeX Font Info:    Trying to load font information for U+msb on input line 115.
(c:/Users/mark1/AppData/Roaming/TinyTeX/texmf-dist/tex/latex/amsfonts/umsb.fd
File: umsb.fd 2013/01/14 v3.01 AMS symbols B
)
Underfull \hbox (badness 1888) in paragraph at lines 119--119
[][]\T1/lmr/bx/n/12 Unsupervised Clus-ter-ing and Heatmap Anal-y-sis of Hu-man Schwan-noma
 []

LaTeX Font Info:    External font `lmex10' loaded for size
(Font)              <10> on input line 125.
LaTeX Font Info:    External font `lmex10' loaded for size
(Font)              <7> on input line 125.
LaTeX Font Info:    External font `lmex10' loaded for size
(Font)              <5> on input line 125.
[1

{c:/Users/mark1/AppData/Roaming/TinyTeX/texmf-var/fonts/map/pdftex/updmap/pdftex.map}{c:/Users/mark1/AppData/Roaming/TinyTeX/texmf-dist/fonts/enc/dvips/lm/lm-ec.enc}]
<C:/Users/mark1/Dropbox/BIOL_4386/Project_Folder/HW3/12885_2021_7887_Fig2_HTML.png, id=74, 1423.3175pt x 2112.89375pt>
File: C:/Users/mark1/Dropbox/BIOL_4386/Project_Folder/HW3/12885_2021_7887_Fig2_HTML.png Graphic file (type png)
<use C:/Users/mark1/Dropbox/BIOL_4386/Project_Folder/HW3/12885_2021_7887_Fig2_HTML.png>
Package pdftex.def Info: C:/Users/mark1/Dropbox/BIOL_4386/Project_Folder/HW3/12885_2021_7887_Fig2_HTML.png  used on input line 200.
(pdftex.def)             Requested size: 438.13991pt x 650.41222pt.

LaTeX Warning: Float too large for page by 23.92664pt on input line 202.

LaTeX Font Info:    Trying to load font information for TS1+lmr on input line 214.
(c:/Users/mark1/AppData/Roaming/TinyTeX/texmf-dist/tex/latex/lm/ts1lmr.fd
File: ts1lmr.fd 2015/05/01 v1.6.1 Font defs for Latin Modern
) [2{c:/Users/mark1/AppData/Roaming/TinyTeX/texmf-dist/fonts/enc/dvips/lm/lm-ts1.enc}] [3 <c:/Users/mark1/Dropbox/BIOL_4386/Project_Folder/HW3/12885_2021_7887_Fig2_HTML.png>]
Underfull \hbox (badness 10000) in paragraph at lines 301--303

 []


Underfull \hbox (badness 10000) in paragraph at lines 303--305

 []


Underfull \hbox (badness 10000) in paragraph at lines 305--308

 []


Underfull \hbox (badness 10000) in paragraph at lines 313--314

 []


Underfull \hbox (badness 10000) in paragraph at lines 316--319

 []


Underfull \hbox (badness 10000) in paragraph at lines 319--321

 []

LaTeX Font Info:    Trying to load font information for T1+lmtt on input line 353.
(c:/Users/mark1/AppData/Roaming/TinyTeX/texmf-dist/tex/latex/lm/t1lmtt.fd
File: t1lmtt.fd 2015/05/01 v1.6.1 Font defs for Latin Modern
)
LaTeX Font Info:    Font shape `T1/lmtt/bx/n' in size <10> not available
(Font)              Font shape `T1/lmtt/b/n' tried instead on input line 359.
[4]

LaTeX Font Warning: Font shape `T1/lmtt/bx/it' in size <10> not available
(Font)              Font shape `T1/lmtt/b/sl' tried instead on input line 396.

LaTeX Font Info:    Trying to load font information for TS1+lmtt on input line 410.
(c:/Users/mark1/AppData/Roaming/TinyTeX/texmf-dist/tex/latex/lm/ts1lmtt.fd
File: ts1lmtt.fd 2015/05/01 v1.6.1 Font defs for Latin Modern
) [5]
<2023.05.01_HW4-FinalProject_Dougherty_files/figure-latex/unnamed-chunk-3-1.pdf, id=114, 469.755pt x 325.215pt>
File: 2023.05.01_HW4-FinalProject_Dougherty_files/figure-latex/unnamed-chunk-3-1.pdf Graphic file (type pdf)
<use 2023.05.01_HW4-FinalProject_Dougherty_files/figure-latex/unnamed-chunk-3-1.pdf>
Package pdftex.def Info: 2023.05.01_HW4-FinalProject_Dougherty_files/figure-latex/unnamed-chunk-3-1.pdf  used on input line 452.
(pdftex.def)             Requested size: 469.75386pt x 325.2142pt.
<2023.05.01_HW4-FinalProject_Dougherty_files/figure-latex/unnamed-chunk-3-2.pdf, id=115, 469.755pt x 325.215pt>
File: 2023.05.01_HW4-FinalProject_Dougherty_files/figure-latex/unnamed-chunk-3-2.pdf Graphic file (type pdf)
<use 2023.05.01_HW4-FinalProject_Dougherty_files/figure-latex/unnamed-chunk-3-2.pdf>
Package pdftex.def Info: 2023.05.01_HW4-FinalProject_Dougherty_files/figure-latex/unnamed-chunk-3-2.pdf  used on input line 453.
(pdftex.def)             Requested size: 469.75386pt x 325.2142pt.

Underfull \hbox (badness 10000) in paragraph at lines 452--454
[][]
 []

[6 <./2023.05.01_HW4-FinalProject_Dougherty_files/figure-latex/unnamed-chunk-3-1.pdf>]
Overfull \hbox (133.99323pt too wide) in paragraph at lines 519--519
[]\T1/lmtt/m/n/10 ## 12345678910111213141516171819202122232425262728293012Fold 1 :123456789101112131415161718192021222324252627282930[] 
 []

[7 <./2023.05.01_HW4-FinalProject_Dougherty_files/figure-latex/unnamed-chunk-3-2.pdf>]
Overfull \hbox (70.99341pt too wide) in paragraph at lines 519--519
[]\T1/lmtt/m/n/10 ## [1] "########################## Finish with PAMR ##################################################"[] 
 []


Overfull \hbox (333.49265pt too wide) in paragraph at lines 527--527
[]\T1/lmtt/m/n/10 ## [1] "XMP"                                  "NADH"                                 "alpha-Keto-beta-Methylvalerate (KMV)" "alpha-Ketoisovalerate (KIV)"[] 
 []

<2023.05.01_HW4-FinalProject_Dougherty_files/figure-latex/unnamed-chunk-3-3.pdf, id=135, 469.755pt x 325.215pt>
File: 2023.05.01_HW4-FinalProject_Dougherty_files/figure-latex/unnamed-chunk-3-3.pdf Graphic file (type pdf)
<use 2023.05.01_HW4-FinalProject_Dougherty_files/figure-latex/unnamed-chunk-3-3.pdf>
Package pdftex.def Info: 2023.05.01_HW4-FinalProject_Dougherty_files/figure-latex/unnamed-chunk-3-3.pdf  used on input line 529.
(pdftex.def)             Requested size: 469.75386pt x 325.2142pt.
[8]
Overfull \hbox (1992.48782pt too wide) in paragraph at lines 668--668
[]\T1/lmtt/m/n/10 ##                                             S51        S53        S56        S47        S54        S30         S31        S55        S37         S42        S33       S25       S24       S19       S38       S18       S45       S16       S36       S57       S14       S20       S26       S41       S39       S21        S28       S44        S22       S43          S27       S29       S23       S50       S17       S52       S40       S34        S32       S48        S49[] 
 []


Overfull \hbox (1992.48782pt too wide) in paragraph at lines 668--668
[]\T1/lmtt/m/n/10 ## GSH                                  27033.6576 24049.4603 25257.6690 35347.4814 36076.9449 22745.6281 21253.43910 19742.6590 18316.0771 19070.43391 15745.2972 1890.5969 2493.1779  262.1553  333.5978 3647.6137 1233.0542 3211.4534 1020.7737 2950.5159  141.6762  434.8011 4211.1151  847.3509  213.6278 4367.2276   42.62820 3226.6650 2547.85975 4009.9860 1.884660e-06 4805.8884 1012.2091 4579.8562 3251.0747 6698.4177 5799.1348 7569.9911 8394.19514 8107.1916 5681.00781[] 
 []


Overfull \hbox (1992.48782pt too wide) in paragraph at lines 668--668
[]\T1/lmtt/m/n/10 ## Mannose                                229.0508  1746.7314   519.9360   262.7155  3122.9268  2618.6667  4427.24391   677.5186  3779.3873 11515.53958  1031.0997  432.3876 1757.5302  177.8237 1201.7593 2749.0552  960.9958   95.6250 2552.9951 3240.2456  208.0148 1055.1923 2534.1437  228.5603  480.3800 2028.6448  130.43018 1431.1753   28.28130  222.5576 1.890766e+02  403.7722 1333.1378 1064.4644  101.2974 2892.8254 5707.1438 1155.2126 1351.35691  566.8956  716.73778[] 
 []


Overfull \hbox (1992.48782pt too wide) in paragraph at lines 668--668
[]\T1/lmtt/m/n/10 ## UDP                                   1666.5110  3781.9862  1363.9533  2280.9557  1794.5275  2485.1689  4217.26582  1815.2830  2441.2532  1008.78534  2407.2939  918.6126  835.3266  843.6766 1293.1540 1089.2636  877.1441  794.8506 1438.8894 2300.1776  793.3064  562.0438 1261.9669 1731.7708 2505.6756  849.8393 1052.78614 2289.2009   98.00904 1303.7398 1.798590e+02 1834.9962 2326.6196 2005.9746  810.1250  735.7297 3390.3850 4671.3525   96.43163 4715.8748 1729.77165[] 
 []


Overfull \hbox (1992.48782pt too wide) in paragraph at lines 668--668
[]\T1/lmtt/m/n/10 ## N-Acetylaspartate                     5465.4364  1327.4143  4900.7770  4777.5202  2600.3269  1472.0019  2276.86047  9556.5406  2024.4592  3922.13528  2166.4248 1574.4548 2457.1751 1271.4378 2415.8531 1639.1741 2608.8547 1321.8093 1595.7047 1264.7567 1168.1297 1389.9897  908.0147 1055.4491 5779.7778 5053.0308 1159.70857 5139.4057 1940.22343 7914.8259 1.014687e+03  797.2059 1153.9076 1753.4579 1616.0084 6295.8931 2195.1223 4483.2613 5071.82096 2363.9237  827.05352[] 
 []


Overfull \hbox (1992.48782pt too wide) in paragraph at lines 668--668
[]\T1/lmtt/m/n/10 ## N-Acetyltyrosine                       867.2784  2111.8300  1104.6687  1796.5931  1573.7357  1216.7811  3264.27784  1087.6562  2008.5907  1600.08313  1625.1943 1465.4106 1052.8953  901.3072  607.6279 1242.1609  572.4733 1082.7814 1118.3319 1126.3508  875.1575  766.5502 2426.1745 1217.5652 1024.9814 1921.6457  458.73726 1666.4530  749.24919  605.7418 8.693272e+02 1880.1850 1508.6152  865.1103  888.1287  644.6154 1403.0256 2307.6231 1317.53956 2326.2993 1667.57197[] 
 []


Overfull \hbox (1992.48782pt too wide) in paragraph at lines 668--668
[]\T1/lmtt/m/n/10 ## Alanine                               1143.3077  1962.0972  1583.5345  1426.5174  1809.3231  1301.8157  1870.65562   925.3782  1816.6555  1272.05828  1414.7517 1129.1861  912.1894 1302.8661 1467.7864 1187.2851 1459.4596 1217.9325  830.8821 1075.8074  568.9874 1208.3643 1119.8747 1299.5366 1118.5805 1245.0889  371.58287  914.9261 1345.17970 1485.7313 9.338357e+02 1354.1592 1356.3549  898.9217 1259.3940  931.3688 1644.6432 1772.2595 1346.07186 1105.1484 1720.94216[] 
 []


Overfull \hbox (1992.48782pt too wide) in paragraph at lines 668--668
[]\T1/lmtt/m/n/10 ## Malonate                               713.7648   907.4581   846.5766  1001.1333   900.6584  1333.4353   974.52147   936.7832  1765.5634  1370.48275   932.5685  518.7759  510.5394  575.3574  671.2555  426.1083  655.8312  556.0361 1041.3957  916.1111  693.8288  460.4276  788.5001  902.1074  823.2975  546.3428 1621.33917  804.6941  667.22993  970.4996 1.645823e+03  813.1918  755.1623  669.1536  373.8259  648.2495  859.5799  832.7152  885.15240  915.8420  813.16196[] 
 []


Overfull \hbox (1992.48782pt too wide) in paragraph at lines 668--668
[]\T1/lmtt/m/n/10 ## O-Phosphoethanolamine                 1125.9608  2139.0583  1037.1305  1531.1157  1135.4877   825.0923  2911.70047   918.6904  1458.2231   282.94378  1447.1420 1314.6462 1090.6112 1048.5176  724.4686 1128.9105  516.4633  534.3007  852.1867 1330.6575  522.6767  807.6688 1858.7925  824.6924 1001.1524 1334.5761  342.87726 1188.4620  418.36707  682.0935 2.987864e+02 1525.3131 1356.5705  901.9832  946.8337  697.3646 1050.6933 1419.4821  746.85004 1807.3272 1609.94207[] 
 []


Overfull \hbox (1992.48782pt too wide) in paragraph at lines 668--668
[]\T1/lmtt/m/n/10 ## Lauric acid                            465.2389   606.0785   632.1433   464.0117   553.0871  1267.0149   447.58370   990.7391   623.1433   812.68780   465.6390  385.8511  290.6355  354.5051  462.9368  378.6678  435.6896  309.6425  532.1790  516.1380  438.4355  363.4952  360.2298  560.8908  375.3967  461.7736  412.44908  412.7304  417.46411  428.0235 5.632942e+02  329.5377  495.3943  547.9359  293.0276  614.0035  640.6344  546.8199  540.68713  763.6972  435.89256[] 
 []


Overfull \hbox (1992.48782pt too wide) in paragraph at lines 668--668
[]\T1/lmtt/m/n/10 ## Gamma-aminobutyric acid (GABA)        1316.6368   840.8793   653.6077   580.9792  1345.9058  1308.5164   499.62116  1172.8087   454.3609  1153.43695  1099.9455  551.9451  566.5240  547.9293  720.7219 1106.8448  600.6832 1168.8844  553.0329 1293.6049  547.4609  924.5002  573.5899  487.7912  676.3398  551.2272  518.76577  479.7903 1200.09420  629.2527 4.397459e+02  597.4288  535.4843  669.7948 1120.8508  654.8042  690.3959  352.0621 1083.10176  549.2576  581.82356[] 
 []


Overfull \hbox (1992.48782pt too wide) in paragraph at lines 668--668
[]\T1/lmtt/m/n/10 ## Tridecanoic acid                       544.2898  1192.0673   825.4181   914.5099   970.8812   774.5067  1030.03396   886.5136  1275.9355   842.59246  1058.1847  512.6805  597.7760  451.8569  776.6079  538.8696  753.1389  533.2611  932.2661  772.8465  552.8961  775.9371  717.4686  971.9560  585.9739  616.9266  746.50823  994.5832  722.72186 1077.5833 7.422652e+02  569.4396  534.8111  775.9606  501.5719  481.0000  749.9379 1059.3772  628.74353 1373.2287  652.68134[] 
 []


Overfull \hbox (1992.48782pt too wide) in paragraph at lines 668--668
[]\T1/lmtt/m/n/10 ## Glycerol                              1566.0056   263.1227   217.8842   398.3235   488.8416   353.8122   902.25159   341.4497  1069.6834   316.10026   400.8432  494.5196  223.0633  328.1665  141.8264  365.6736  213.6163  261.4053  409.7803  847.5434  300.3550  334.9187  357.4485  316.6247  307.3986  213.3607  262.20218  350.9090  559.41847  353.6130 2.315902e+02  208.1378  337.3616  512.6440  203.6625  199.0458  672.0144  207.4457  363.95063  469.8952  582.79943[] 
 []


Overfull \hbox (1992.48782pt too wide) in paragraph at lines 668--668
[]\T1/lmtt/m/n/10 ## Uridine                                588.4780   378.4008   409.0787   119.4623   147.6769   233.5752   186.04215   621.3221   263.5639   314.05053   381.9166  819.6064  437.4717  581.3466  158.4376  555.1698  691.2596  506.4881  769.6739  281.0246 1144.3491  435.4674  589.4263  581.4257  111.9216  780.3900  857.60532  377.7324 1732.76048  391.8793 1.041651e+03  364.4524  325.9705  392.8503  572.5396  455.1362  405.6815  315.0509  803.04209  173.8944  320.75508[] 
 []


Overfull \hbox (1992.48782pt too wide) in paragraph at lines 668--668
[]\T1/lmtt/m/n/10 ## Indolelactic acid                      408.4165   614.2979   861.7769   558.7625   696.2295   574.1755   509.03882   525.6274   578.4019   356.86957   660.0270  893.1330 1041.9921 1323.8848  786.4335  727.0674  653.4413 1009.5548  525.8530  660.6744 1244.9130  959.2258  948.7694 1061.8029  486.6059  708.4972  362.40908  497.0393  884.42451  733.0941 5.057611e+02 1070.1759 1112.9934  498.7770 1100.2876  780.2813  541.1043  851.0692  504.53155  576.6311  638.18676[] 
 []


Overfull \hbox (1992.48782pt too wide) in paragraph at lines 668--668
[]\T1/lmtt/m/n/10 ## GSSG                                   597.5166   750.0290   542.1755   733.2523   580.0724   502.3386   630.50621   498.7618   740.6623   741.57754   721.0311 1030.0472 1107.8829  937.9242  629.0151  842.3145  735.8290  797.9589  941.1118  975.5493  785.2511 1058.7833  722.8097  551.0887  859.0026  920.8897  680.92018  966.8036  541.49670  780.3446 5.728695e+02  956.9908  999.0885  864.7632  740.8870  691.3856 1061.9672  742.8947  879.57611  728.6334  718.50714[] 
 []


Overfull \hbox (1992.48782pt too wide) in paragraph at lines 668--668
[]\T1/lmtt/m/n/10 ## GSSG                                   597.5166   750.0290   542.1755   733.2523   580.0724   502.3386   630.50621   498.7618   740.6623   741.57754   721.0311 1030.0472 1107.8829  937.9242  629.0151  842.3145  735.8290  797.9589  941.1118  975.5493  785.2511 1058.7833  722.8097  551.0887  859.0026  920.8897  680.92018  966.8036  541.49670  780.3446 5.728695e+02  956.9908  999.0885  864.7632  740.8870  691.3856 1061.9672  742.8947  879.57611  728.6334  718.50714[] 
 []


Overfull \hbox (1992.48782pt too wide) in paragraph at lines 668--668
[]\T1/lmtt/m/n/10 ## Adonitol                               511.1742   799.8732  1615.5049  1225.7662  2365.6002   679.5275   812.40425  1005.1590   988.1115   660.84318   647.0228 1362.4943 1640.1127 1018.1123 3669.4345 1218.4497 2897.8462 3105.9368 1253.2017  997.4792  760.7784 2595.8606  616.4087  466.5219 2196.7140 1152.1440  401.19893 1291.1284 1687.87814 1761.2221 6.657906e+02  807.8048  846.6348 1596.0712 2189.0648 3420.5687  801.5855  715.4427 1212.97506 1671.2475  576.89299[] 
 []


Overfull \hbox (1992.48782pt too wide) in paragraph at lines 668--668
[]\T1/lmtt/m/n/10 ## Tryptophan                             371.7378   521.5220   778.6022   516.9112   711.8080   532.9020   453.27830   468.7461   579.5352   354.44223   567.9101  916.5956  950.9989 1376.0266  750.1889  715.5576  620.7853 1099.1417  466.1718  610.1825 1199.1162  919.5422  899.0885  981.3196  472.3417  700.6364  354.99467  478.3544  883.91501  660.6474 5.296737e+02 1035.4953 1094.4740  509.6504 1184.3256  734.5143  457.2737  767.5131  468.92700  600.2973  634.90480[] 
 []


Overfull \hbox (1992.48782pt too wide) in paragraph at lines 668--668
[]\T1/lmtt/m/n/10 ## Fructose                              1413.8101   208.9646   383.2496   405.0455   333.0364  1943.1637   216.07654  1491.7484   237.4661  1321.85603   351.0635  857.4532  659.2411  620.0977 1851.0170 1923.6911 5328.6410 1757.7412 4192.0728 1020.8559  493.6595 2545.6046  320.2626  119.1902 2634.2051 1656.1225  277.70346  426.9372  814.71515 1519.7476 5.678452e+02  276.5325  219.5976 6538.6926 1544.1949 5343.0268  945.7840  175.5812 1059.44472  243.8209   80.00387[] 
 []


Overfull \hbox (1992.48782pt too wide) in paragraph at lines 668--668
[]\T1/lmtt/m/n/10 ## Xylose                                 246.7350   266.7551   401.1817   176.9352   179.7314   258.1155   234.26362   255.3073   253.8939   246.45293   214.4876  958.8378  615.2455  815.1840  283.0631  600.8450  217.4416  617.7741  269.4846  288.6153 1032.5450  586.2694  535.6950  257.0621  276.0496  889.7274 1143.17886  203.9694  747.86638  203.7503 1.083957e+03  797.7716  700.3697  261.8287  578.4302  228.2750  241.3837  222.0593 2897.85350  178.3637  191.45275[] 
 []


Overfull \hbox (1992.48782pt too wide) in paragraph at lines 668--668
[]\T1/lmtt/m/n/10 ## AMP                                    279.8044   381.3476   263.8068   535.8180   562.6455   453.1606   316.98324   278.6029   693.1630   506.78327   325.7233  585.5767  702.0092 1290.1923  636.2326  389.0474  349.7432  605.4291  523.9590  440.3134  485.8130  997.2801 1085.2868  419.8881  995.2768  562.6489  393.16495  677.1754  753.69442  276.3649 2.083319e+03  528.6515 1648.4457  387.0121  478.5491  292.0869  884.3946  818.3722  431.31371  728.8336 1533.50345[] 
 []


Overfull \hbox (1992.48782pt too wide) in paragraph at lines 668--668
[]\T1/lmtt/m/n/10 ## Pyridoxal (PL)                        1434.1181   207.9487   371.8950   405.7698   334.4769  1925.1604   220.88851  1456.6971   230.0927  1316.40889   349.5448  872.4306  756.8237  687.7563 1888.4564 1980.2779 5768.5050 1817.3735 4409.2557 1006.4600  494.4422 2594.3905  354.5138  127.7333 2623.4141 1636.9591  290.92670  436.1468  876.85391 1504.1373 5.777641e+02  321.1403  234.0829 6917.7842 1530.2577 5569.3345  955.1938  177.3856 1083.77777  237.4990   81.66097[] 
 []


Overfull \hbox (1992.48782pt too wide) in paragraph at lines 668--668
[]\T1/lmtt/m/n/10 ## Glycerate                              519.5884   640.0269   770.3814   614.1804   675.1256   444.6281   560.04520   687.1635   807.4355   562.03262   693.5435 1482.8900 1254.1086 1217.5818  774.1331  933.8507  893.9241  816.3366  884.6463  618.4156  943.6310  837.4991 1118.3130  465.8404  633.2652  895.6581 1306.38786  861.8767 1112.22421 1074.0686 1.312373e+03 1067.2848  995.6353  514.6281  601.8438  709.5094  680.9671  599.0458 1426.33175  560.5660  588.76954[] 
 []


Overfull \hbox (1992.48782pt too wide) in paragraph at lines 668--668
[]\T1/lmtt/m/n/10 ## dAMP                                   203.1264   202.6435   122.7627   128.3604   373.6099   314.5142    93.88024   186.2534   304.7949   209.46283   242.7444  515.0769  439.5316 1185.1096  464.9673  342.7530  204.5964  510.7898  249.6701  383.6373  531.5915 1417.5305  520.6346  270.1387  460.4518  258.4737 1794.62713  290.8914  810.50208  201.5708 1.722205e+03  126.0394 1042.7395  124.2087  405.4985  204.4894  291.9502  369.6116  368.00399  229.9482  832.41085[] 
 []

[9 <./2023.05.01_HW4-FinalProject_Dougherty_files/figure-latex/unnamed-chunk-3-3.pdf>]
Overfull \hbox (1992.48782pt too wide) in paragraph at lines 668--668
[]\T1/lmtt/m/n/10 ## dGDP                                   328.7280   345.6700   253.6828   557.1888   473.1294   407.7916   208.05482   254.8833   506.5788   242.60662   313.4915  596.6258  611.4040 1477.7835  624.1645  291.2293  338.8058  731.2850  420.5116  315.0881  547.9403 1013.0467  805.7781  409.3618 1053.5498  432.2886  395.54891  581.7752  926.98462  313.9240 2.324855e+03  572.2490 1589.6475  376.6337  609.9755  234.0111  530.1283  720.3372  391.32008  682.9356 1422.58903[] 
 []


Overfull \hbox (1992.48782pt too wide) in paragraph at lines 668--668
[]\T1/lmtt/m/n/10 ## UMP                                    281.2936   250.2468   229.5017   322.2028   390.1482   545.6410   181.06811   283.2386   390.0225   345.73686   295.1347  717.5916  692.4102 1034.0319  542.2177  345.8720  463.4998  636.2849  486.0706  303.0260  541.5629 1130.1319  812.6209  336.3051  764.0802  439.9836  406.76538  490.5475  911.88029  422.2047 1.473701e+03  581.2769 1415.4242  461.6015  544.2581  278.7946  481.2167  389.9031  443.39211  435.8989  507.69300[] 
 []


Overfull \hbox (1992.48782pt too wide) in paragraph at lines 668--668
[]\T1/lmtt/m/n/10 ## CMP                                    405.0425   147.3781   217.2898   387.0245   182.4002   583.0446   148.00596   177.7441   479.2315   261.47771   256.7149  802.1298  737.5407  925.0113  727.5416  318.7910  590.3702  703.9099  345.3415  235.4086  570.5348  643.2870  866.1616  498.5459 1149.5089  471.9810  446.87182  493.5591  425.63154  356.4399 8.880807e+02  503.3537 1123.8434  605.4390  648.1855  337.4414  451.9118  303.9045  416.89618  444.6876  298.97010[] 
 []


Overfull \hbox (1992.48782pt too wide) in paragraph at lines 668--668
[]\T1/lmtt/m/n/10 ## alpha-Ketoisovalerate (KIV)            733.9569   624.6872  1340.6122   642.5226   542.6647   410.4412   638.57863   509.4123   921.0889    93.76694  1149.0366 1545.6453  716.9544 2032.2661 1787.1070 1058.3256  870.1635  544.0376  691.0133  752.4485 1508.5966 1016.6950 1377.6701 2127.1295  994.9534 1034.9956 1169.71949  583.0425  441.68328  819.1735 1.586125e+03 1653.4268 1574.5778  854.4193  972.8733  639.0844 1041.7797 1309.1820  505.26605  516.9361  773.58244[] 
 []


Overfull \hbox (1992.48782pt too wide) in paragraph at lines 668--668
[]\T1/lmtt/m/n/10 ## alpha-Keto-beta-Methylvalerate (KMV)  1047.0644   804.5426  1092.0138   618.7436   815.2827   272.2010   393.90961   523.9718   712.6571    76.66523  1222.5264 1153.6215  749.0576 2385.3511 2339.0201  648.3006 1134.9160  469.5364  713.9333 1014.1299 2400.8928  731.0305 1245.3112 3283.1973  796.3857  818.5272 1809.30829  586.8782  742.12070  728.1820 2.321102e+03 1613.9137 1496.1246  643.5649  938.1738  614.2538  791.9968 1388.8115  437.35957  564.7152 1015.54651[] 
 []


Overfull \hbox (1992.48782pt too wide) in paragraph at lines 668--668
[]\T1/lmtt/m/n/10 ## NADH                                   526.2167   435.0981   726.5945   356.2425   367.6365  1256.1196  1340.05253   427.4368   524.8042   811.81893   838.6748 1656.2793 1723.7041  951.8817  740.0703 2042.8978  781.6428 1169.4269  737.1184  460.4673 1657.1576 1340.1176 1965.6454 1082.1746  463.4193 2379.2253   61.09568 1437.9130 1234.41757  813.5284 7.878789e+01 2817.3431  842.5149  866.4154 1661.0270  828.5086  494.0382 1086.2578 1579.33724  912.4959  947.41043[] 
 []


Overfull \hbox (1992.48782pt too wide) in paragraph at lines 668--668
[]\T1/lmtt/m/n/10 ## XMP                                    283.3155   247.8460   273.5755   453.5294   135.3956   200.8462   107.95125   216.2797   117.4660    72.05820   323.2775 1289.3024 1636.3617 2274.4367  297.3863  701.8020  283.3358  500.4283  739.5052  408.1367  542.4706 1598.4955  791.2292  151.0761  278.4322  844.5078 1722.35415  440.5461  458.23645  469.1292 2.403793e+03  621.2202  769.2887  197.4682  309.5365  268.1495  245.3757  806.1169 1197.63992  563.5669  571.25575[] 
 []


Overfull \hbox (1992.48782pt too wide) in paragraph at lines 668--668
[]\T1/lmtt/m/n/10 ##                                             S51        S53        S56        S47        S54        S30         S31        S55        S37         S42        S33       S25       S24       S19       S38       S18       S45       S16       S36       S57       S14       S20       S26       S41       S39       S21        S28       S44        S22       S43          S27       S29       S23       S50       S17       S52       S40       S34        S32       S48        S49[] 
 []


Overfull \hbox (1992.48782pt too wide) in paragraph at lines 668--668
[]\T1/lmtt/m/n/10 ## XMP                                    283.3155   247.8460   273.5755   453.5294   135.3956   200.8462   107.95125   216.2797   117.4660    72.05820   323.2775 1289.3024 1636.3617 2274.4367  297.3863  701.8020  283.3358  500.4283  739.5052  408.1367  542.4706 1598.4955  791.2292  151.0761  278.4322  844.5078 1722.35415  440.5461  458.23645  469.1292 2.403793e+03  621.2202  769.2887  197.4682  309.5365  268.1495  245.3757  806.1169 1197.63992  563.5669  571.25575[] 
 []


Overfull \hbox (1992.48782pt too wide) in paragraph at lines 668--668
[]\T1/lmtt/m/n/10 ## NADH                                   526.2167   435.0981   726.5945   356.2425   367.6365  1256.1196  1340.05253   427.4368   524.8042   811.81893   838.6748 1656.2793 1723.7041  951.8817  740.0703 2042.8978  781.6428 1169.4269  737.1184  460.4673 1657.1576 1340.1176 1965.6454 1082.1746  463.4193 2379.2253   61.09568 1437.9130 1234.41757  813.5284 7.878789e+01 2817.3431  842.5149  866.4154 1661.0270  828.5086  494.0382 1086.2578 1579.33724  912.4959  947.41043[] 
 []


Overfull \hbox (1992.48782pt too wide) in paragraph at lines 668--668
[]\T1/lmtt/m/n/10 ## alpha-Keto-beta-Methylvalerate (KMV)  1047.0644   804.5426  1092.0138   618.7436   815.2827   272.2010   393.90961   523.9718   712.6571    76.66523  1222.5264 1153.6215  749.0576 2385.3511 2339.0201  648.3006 1134.9160  469.5364  713.9333 1014.1299 2400.8928  731.0305 1245.3112 3283.1973  796.3857  818.5272 1809.30829  586.8782  742.12070  728.1820 2.321102e+03 1613.9137 1496.1246  643.5649  938.1738  614.2538  791.9968 1388.8115  437.35957  564.7152 1015.54651[] 
 []


Overfull \hbox (1992.48782pt too wide) in paragraph at lines 668--668
[]\T1/lmtt/m/n/10 ## alpha-Ketoisovalerate (KIV)            733.9569   624.6872  1340.6122   642.5226   542.6647   410.4412   638.57863   509.4123   921.0889    93.76694  1149.0366 1545.6453  716.9544 2032.2661 1787.1070 1058.3256  870.1635  544.0376  691.0133  752.4485 1508.5966 1016.6950 1377.6701 2127.1295  994.9534 1034.9956 1169.71949  583.0425  441.68328  819.1735 1.586125e+03 1653.4268 1574.5778  854.4193  972.8733  639.0844 1041.7797 1309.1820  505.26605  516.9361  773.58244[] 
 []


Overfull \hbox (1992.48782pt too wide) in paragraph at lines 668--668
[]\T1/lmtt/m/n/10 ## CMP                                    405.0425   147.3781   217.2898   387.0245   182.4002   583.0446   148.00596   177.7441   479.2315   261.47771   256.7149  802.1298  737.5407  925.0113  727.5416  318.7910  590.3702  703.9099  345.3415  235.4086  570.5348  643.2870  866.1616  498.5459 1149.5089  471.9810  446.87182  493.5591  425.63154  356.4399 8.880807e+02  503.3537 1123.8434  605.4390  648.1855  337.4414  451.9118  303.9045  416.89618  444.6876  298.97010[] 
 []


Overfull \hbox (1992.48782pt too wide) in paragraph at lines 668--668
[]\T1/lmtt/m/n/10 ## UMP                                    281.2936   250.2468   229.5017   322.2028   390.1482   545.6410   181.06811   283.2386   390.0225   345.73686   295.1347  717.5916  692.4102 1034.0319  542.2177  345.8720  463.4998  636.2849  486.0706  303.0260  541.5629 1130.1319  812.6209  336.3051  764.0802  439.9836  406.76538  490.5475  911.88029  422.2047 1.473701e+03  581.2769 1415.4242  461.6015  544.2581  278.7946  481.2167  389.9031  443.39211  435.8989  507.69300[] 
 []


Overfull \hbox (1992.48782pt too wide) in paragraph at lines 668--668
[]\T1/lmtt/m/n/10 ## dGDP                                   328.7280   345.6700   253.6828   557.1888   473.1294   407.7916   208.05482   254.8833   506.5788   242.60662   313.4915  596.6258  611.4040 1477.7835  624.1645  291.2293  338.8058  731.2850  420.5116  315.0881  547.9403 1013.0467  805.7781  409.3618 1053.5498  432.2886  395.54891  581.7752  926.98462  313.9240 2.324855e+03  572.2490 1589.6475  376.6337  609.9755  234.0111  530.1283  720.3372  391.32008  682.9356 1422.58903[] 
 []


Overfull \hbox (1992.48782pt too wide) in paragraph at lines 668--668
[]\T1/lmtt/m/n/10 ## dAMP                                   203.1264   202.6435   122.7627   128.3604   373.6099   314.5142    93.88024   186.2534   304.7949   209.46283   242.7444  515.0769  439.5316 1185.1096  464.9673  342.7530  204.5964  510.7898  249.6701  383.6373  531.5915 1417.5305  520.6346  270.1387  460.4518  258.4737 1794.62713  290.8914  810.50208  201.5708 1.722205e+03  126.0394 1042.7395  124.2087  405.4985  204.4894  291.9502  369.6116  368.00399  229.9482  832.41085[] 
 []


Overfull \hbox (1992.48782pt too wide) in paragraph at lines 668--668
[]\T1/lmtt/m/n/10 ## Glycerate                              519.5884   640.0269   770.3814   614.1804   675.1256   444.6281   560.04520   687.1635   807.4355   562.03262   693.5435 1482.8900 1254.1086 1217.5818  774.1331  933.8507  893.9241  816.3366  884.6463  618.4156  943.6310  837.4991 1118.3130  465.8404  633.2652  895.6581 1306.38786  861.8767 1112.22421 1074.0686 1.312373e+03 1067.2848  995.6353  514.6281  601.8438  709.5094  680.9671  599.0458 1426.33175  560.5660  588.76954[] 
 []


Overfull \hbox (1992.48782pt too wide) in paragraph at lines 668--668
[]\T1/lmtt/m/n/10 ## Pyridoxal (PL)                        1434.1181   207.9487   371.8950   405.7698   334.4769  1925.1604   220.88851  1456.6971   230.0927  1316.40889   349.5448  872.4306  756.8237  687.7563 1888.4564 1980.2779 5768.5050 1817.3735 4409.2557 1006.4600  494.4422 2594.3905  354.5138  127.7333 2623.4141 1636.9591  290.92670  436.1468  876.85391 1504.1373 5.777641e+02  321.1403  234.0829 6917.7842 1530.2577 5569.3345  955.1938  177.3856 1083.77777  237.4990   81.66097[] 
 []


Overfull \hbox (1992.48782pt too wide) in paragraph at lines 668--668
[]\T1/lmtt/m/n/10 ## AMP                                    279.8044   381.3476   263.8068   535.8180   562.6455   453.1606   316.98324   278.6029   693.1630   506.78327   325.7233  585.5767  702.0092 1290.1923  636.2326  389.0474  349.7432  605.4291  523.9590  440.3134  485.8130  997.2801 1085.2868  419.8881  995.2768  562.6489  393.16495  677.1754  753.69442  276.3649 2.083319e+03  528.6515 1648.4457  387.0121  478.5491  292.0869  884.3946  818.3722  431.31371  728.8336 1533.50345[] 
 []


Overfull \hbox (1992.48782pt too wide) in paragraph at lines 668--668
[]\T1/lmtt/m/n/10 ## Xylose                                 246.7350   266.7551   401.1817   176.9352   179.7314   258.1155   234.26362   255.3073   253.8939   246.45293   214.4876  958.8378  615.2455  815.1840  283.0631  600.8450  217.4416  617.7741  269.4846  288.6153 1032.5450  586.2694  535.6950  257.0621  276.0496  889.7274 1143.17886  203.9694  747.86638  203.7503 1.083957e+03  797.7716  700.3697  261.8287  578.4302  228.2750  241.3837  222.0593 2897.85350  178.3637  191.45275[] 
 []


Overfull \hbox (1992.48782pt too wide) in paragraph at lines 668--668
[]\T1/lmtt/m/n/10 ## Fructose                              1413.8101   208.9646   383.2496   405.0455   333.0364  1943.1637   216.07654  1491.7484   237.4661  1321.85603   351.0635  857.4532  659.2411  620.0977 1851.0170 1923.6911 5328.6410 1757.7412 4192.0728 1020.8559  493.6595 2545.6046  320.2626  119.1902 2634.2051 1656.1225  277.70346  426.9372  814.71515 1519.7476 5.678452e+02  276.5325  219.5976 6538.6926 1544.1949 5343.0268  945.7840  175.5812 1059.44472  243.8209   80.00387[] 
 []


Overfull \hbox (1992.48782pt too wide) in paragraph at lines 668--668
[]\T1/lmtt/m/n/10 ## Tryptophan                             371.7378   521.5220   778.6022   516.9112   711.8080   532.9020   453.27830   468.7461   579.5352   354.44223   567.9101  916.5956  950.9989 1376.0266  750.1889  715.5576  620.7853 1099.1417  466.1718  610.1825 1199.1162  919.5422  899.0885  981.3196  472.3417  700.6364  354.99467  478.3544  883.91501  660.6474 5.296737e+02 1035.4953 1094.4740  509.6504 1184.3256  734.5143  457.2737  767.5131  468.92700  600.2973  634.90480[] 
 []


Overfull \hbox (1992.48782pt too wide) in paragraph at lines 668--668
[]\T1/lmtt/m/n/10 ## Adonitol                               511.1742   799.8732  1615.5049  1225.7662  2365.6002   679.5275   812.40425  1005.1590   988.1115   660.84318   647.0228 1362.4943 1640.1127 1018.1123 3669.4345 1218.4497 2897.8462 3105.9368 1253.2017  997.4792  760.7784 2595.8606  616.4087  466.5219 2196.7140 1152.1440  401.19893 1291.1284 1687.87814 1761.2221 6.657906e+02  807.8048  846.6348 1596.0712 2189.0648 3420.5687  801.5855  715.4427 1212.97506 1671.2475  576.89299[] 
 []


Overfull \hbox (1992.48782pt too wide) in paragraph at lines 668--668
[]\T1/lmtt/m/n/10 ## Adonitol                               511.1742   799.8732  1615.5049  1225.7662  2365.6002   679.5275   812.40425  1005.1590   988.1115   660.84318   647.0228 1362.4943 1640.1127 1018.1123 3669.4345 1218.4497 2897.8462 3105.9368 1253.2017  997.4792  760.7784 2595.8606  616.4087  466.5219 2196.7140 1152.1440  401.19893 1291.1284 1687.87814 1761.2221 6.657906e+02  807.8048  846.6348 1596.0712 2189.0648 3420.5687  801.5855  715.4427 1212.97506 1671.2475  576.89299[] 
 []


Overfull \hbox (1992.48782pt too wide) in paragraph at lines 668--668
[]\T1/lmtt/m/n/10 ## GSSG                                   597.5166   750.0290   542.1755   733.2523   580.0724   502.3386   630.50621   498.7618   740.6623   741.57754   721.0311 1030.0472 1107.8829  937.9242  629.0151  842.3145  735.8290  797.9589  941.1118  975.5493  785.2511 1058.7833  722.8097  551.0887  859.0026  920.8897  680.92018  966.8036  541.49670  780.3446 5.728695e+02  956.9908  999.0885  864.7632  740.8870  691.3856 1061.9672  742.8947  879.57611  728.6334  718.50714[] 
 []


Overfull \hbox (1992.48782pt too wide) in paragraph at lines 668--668
[]\T1/lmtt/m/n/10 ## Indolelactic acid                      408.4165   614.2979   861.7769   558.7625   696.2295   574.1755   509.03882   525.6274   578.4019   356.86957   660.0270  893.1330 1041.9921 1323.8848  786.4335  727.0674  653.4413 1009.5548  525.8530  660.6744 1244.9130  959.2258  948.7694 1061.8029  486.6059  708.4972  362.40908  497.0393  884.42451  733.0941 5.057611e+02 1070.1759 1112.9934  498.7770 1100.2876  780.2813  541.1043  851.0692  504.53155  576.6311  638.18676[] 
 []


Overfull \hbox (1992.48782pt too wide) in paragraph at lines 668--668
[]\T1/lmtt/m/n/10 ## Uridine                                588.4780   378.4008   409.0787   119.4623   147.6769   233.5752   186.04215   621.3221   263.5639   314.05053   381.9166  819.6064  437.4717  581.3466  158.4376  555.1698  691.2596  506.4881  769.6739  281.0246 1144.3491  435.4674  589.4263  581.4257  111.9216  780.3900  857.60532  377.7324 1732.76048  391.8793 1.041651e+03  364.4524  325.9705  392.8503  572.5396  455.1362  405.6815  315.0509  803.04209  173.8944  320.75508[] 
 []


Overfull \hbox (1992.48782pt too wide) in paragraph at lines 668--668
[]\T1/lmtt/m/n/10 ## Glycerol                              1566.0056   263.1227   217.8842   398.3235   488.8416   353.8122   902.25159   341.4497  1069.6834   316.10026   400.8432  494.5196  223.0633  328.1665  141.8264  365.6736  213.6163  261.4053  409.7803  847.5434  300.3550  334.9187  357.4485  316.6247  307.3986  213.3607  262.20218  350.9090  559.41847  353.6130 2.315902e+02  208.1378  337.3616  512.6440  203.6625  199.0458  672.0144  207.4457  363.95063  469.8952  582.79943[] 
 []


Overfull \hbox (1992.48782pt too wide) in paragraph at lines 668--668
[]\T1/lmtt/m/n/10 ## Tridecanoic acid                       544.2898  1192.0673   825.4181   914.5099   970.8812   774.5067  1030.03396   886.5136  1275.9355   842.59246  1058.1847  512.6805  597.7760  451.8569  776.6079  538.8696  753.1389  533.2611  932.2661  772.8465  552.8961  775.9371  717.4686  971.9560  585.9739  616.9266  746.50823  994.5832  722.72186 1077.5833 7.422652e+02  569.4396  534.8111  775.9606  501.5719  481.0000  749.9379 1059.3772  628.74353 1373.2287  652.68134[] 
 []


Overfull \hbox (1992.48782pt too wide) in paragraph at lines 668--668
[]\T1/lmtt/m/n/10 ## Gamma-aminobutyric acid (GABA)        1316.6368   840.8793   653.6077   580.9792  1345.9058  1308.5164   499.62116  1172.8087   454.3609  1153.43695  1099.9455  551.9451  566.5240  547.9293  720.7219 1106.8448  600.6832 1168.8844  553.0329 1293.6049  547.4609  924.5002  573.5899  487.7912  676.3398  551.2272  518.76577  479.7903 1200.09420  629.2527 4.397459e+02  597.4288  535.4843  669.7948 1120.8508  654.8042  690.3959  352.0621 1083.10176  549.2576  581.82356[] 
 []


Overfull \hbox (1992.48782pt too wide) in paragraph at lines 668--668
[]\T1/lmtt/m/n/10 ## Lauric acid                            465.2389   606.0785   632.1433   464.0117   553.0871  1267.0149   447.58370   990.7391   623.1433   812.68780   465.6390  385.8511  290.6355  354.5051  462.9368  378.6678  435.6896  309.6425  532.1790  516.1380  438.4355  363.4952  360.2298  560.8908  375.3967  461.7736  412.44908  412.7304  417.46411  428.0235 5.632942e+02  329.5377  495.3943  547.9359  293.0276  614.0035  640.6344  546.8199  540.68713  763.6972  435.89256[] 
 []


Overfull \hbox (1992.48782pt too wide) in paragraph at lines 668--668
[]\T1/lmtt/m/n/10 ## O-Phosphoethanolamine                 1125.9608  2139.0583  1037.1305  1531.1157  1135.4877   825.0923  2911.70047   918.6904  1458.2231   282.94378  1447.1420 1314.6462 1090.6112 1048.5176  724.4686 1128.9105  516.4633  534.3007  852.1867 1330.6575  522.6767  807.6688 1858.7925  824.6924 1001.1524 1334.5761  342.87726 1188.4620  418.36707  682.0935 2.987864e+02 1525.3131 1356.5705  901.9832  946.8337  697.3646 1050.6933 1419.4821  746.85004 1807.3272 1609.94207[] 
 []


Overfull \hbox (1992.48782pt too wide) in paragraph at lines 668--668
[]\T1/lmtt/m/n/10 ## Malonate                               713.7648   907.4581   846.5766  1001.1333   900.6584  1333.4353   974.52147   936.7832  1765.5634  1370.48275   932.5685  518.7759  510.5394  575.3574  671.2555  426.1083  655.8312  556.0361 1041.3957  916.1111  693.8288  460.4276  788.5001  902.1074  823.2975  546.3428 1621.33917  804.6941  667.22993  970.4996 1.645823e+03  813.1918  755.1623  669.1536  373.8259  648.2495  859.5799  832.7152  885.15240  915.8420  813.16196[] 
 []


Overfull \hbox (1992.48782pt too wide) in paragraph at lines 668--668
[]\T1/lmtt/m/n/10 ## Alanine                               1143.3077  1962.0972  1583.5345  1426.5174  1809.3231  1301.8157  1870.65562   925.3782  1816.6555  1272.05828  1414.7517 1129.1861  912.1894 1302.8661 1467.7864 1187.2851 1459.4596 1217.9325  830.8821 1075.8074  568.9874 1208.3643 1119.8747 1299.5366 1118.5805 1245.0889  371.58287  914.9261 1345.17970 1485.7313 9.338357e+02 1354.1592 1356.3549  898.9217 1259.3940  931.3688 1644.6432 1772.2595 1346.07186 1105.1484 1720.94216[] 
 []


Overfull \hbox (1992.48782pt too wide) in paragraph at lines 668--668
[]\T1/lmtt/m/n/10 ## N-Acetyltyrosine                       867.2784  2111.8300  1104.6687  1796.5931  1573.7357  1216.7811  3264.27784  1087.6562  2008.5907  1600.08313  1625.1943 1465.4106 1052.8953  901.3072  607.6279 1242.1609  572.4733 1082.7814 1118.3319 1126.3508  875.1575  766.5502 2426.1745 1217.5652 1024.9814 1921.6457  458.73726 1666.4530  749.24919  605.7418 8.693272e+02 1880.1850 1508.6152  865.1103  888.1287  644.6154 1403.0256 2307.6231 1317.53956 2326.2993 1667.57197[] 
 []


Overfull \hbox (1992.48782pt too wide) in paragraph at lines 668--668
[]\T1/lmtt/m/n/10 ## N-Acetylaspartate                     5465.4364  1327.4143  4900.7770  4777.5202  2600.3269  1472.0019  2276.86047  9556.5406  2024.4592  3922.13528  2166.4248 1574.4548 2457.1751 1271.4378 2415.8531 1639.1741 2608.8547 1321.8093 1595.7047 1264.7567 1168.1297 1389.9897  908.0147 1055.4491 5779.7778 5053.0308 1159.70857 5139.4057 1940.22343 7914.8259 1.014687e+03  797.2059 1153.9076 1753.4579 1616.0084 6295.8931 2195.1223 4483.2613 5071.82096 2363.9237  827.05352[] 
 []


Overfull \hbox (1992.48782pt too wide) in paragraph at lines 668--668
[]\T1/lmtt/m/n/10 ## UDP                                   1666.5110  3781.9862  1363.9533  2280.9557  1794.5275  2485.1689  4217.26582  1815.2830  2441.2532  1008.78534  2407.2939  918.6126  835.3266  843.6766 1293.1540 1089.2636  877.1441  794.8506 1438.8894 2300.1776  793.3064  562.0438 1261.9669 1731.7708 2505.6756  849.8393 1052.78614 2289.2009   98.00904 1303.7398 1.798590e+02 1834.9962 2326.6196 2005.9746  810.1250  735.7297 3390.3850 4671.3525   96.43163 4715.8748 1729.77165[] 
 []


Overfull \hbox (1992.48782pt too wide) in paragraph at lines 668--668
[]\T1/lmtt/m/n/10 ## Mannose                                229.0508  1746.7314   519.9360   262.7155  3122.9268  2618.6667  4427.24391   677.5186  3779.3873 11515.53958  1031.0997  432.3876 1757.5302  177.8237 1201.7593 2749.0552  960.9958   95.6250 2552.9951 3240.2456  208.0148 1055.1923 2534.1437  228.5603  480.3800 2028.6448  130.43018 1431.1753   28.28130  222.5576 1.890766e+02  403.7722 1333.1378 1064.4644  101.2974 2892.8254 5707.1438 1155.2126 1351.35691  566.8956  716.73778[] 
 []


Overfull \hbox (1992.48782pt too wide) in paragraph at lines 668--668
[]\T1/lmtt/m/n/10 ## GSH                                  27033.6576 24049.4603 25257.6690 35347.4814 36076.9449 22745.6281 21253.43910 19742.6590 18316.0771 19070.43391 15745.2972 1890.5969 2493.1779  262.1553  333.5978 3647.6137 1233.0542 3211.4534 1020.7737 2950.5159  141.6762  434.8011 4211.1151  847.3509  213.6278 4367.2276   42.62820 3226.6650 2547.85975 4009.9860 1.884660e-06 4805.8884 1012.2091 4579.8562 3251.0747 6698.4177 5799.1348 7569.9911 8394.19514 8107.1916 5681.00781[] 
 []

[10] [11]
Overfull \hbox (2144.73738pt too wide) in paragraph at lines 707--707
[]\T1/lmtt/m/n/10 ## -------------------------------------------------------------------------------------------------------------------------------------------------------------------------------------------------------------------------------------------------------------------------------------------------------------------------------------------------------------------------------------------------------------------------------------------------------------------------------------------- Delimiter: "," chr[] 
 []


Overfull \hbox (2123.73744pt too wide) in paragraph at lines 707--707
[]\T1/lmtt/m/n/10 ## (2): Sample Label, Corresponding Primary/Xenograft dbl (148): RT Dose (Gy) - Xenografts, Prior RT, NF2, 2-Hydroxybutyrate, 2-Hydroxyglutarate, 3-Hydroxypropionate, 3-Phosphoglycerate, Aconitate, Adonitol, Alanine, alpha-Keto-beta-Methylvalerate (KMV), alpha-Ketoglutarate, alpha-Ketoisocaproate (KIC), alpha-Ketoisovalerate (KIV), Asparagine, Aspartate, beta-Alanine, beta-Hydroxy beta-Methylbutyric acid (HMB), beta-Hydroxybutyrate (3-Hydroxybutyrate), Cadaverine, Cholesterol, Citraconate,[] 
 []


Overfull \hbox (931.9909pt too wide) in paragraph at lines 707--707
[]\T1/lmtt/m/n/10 ## Citrate, Citrulline, Creatinine, Cysteine, Dihydroxyace... lgl (15): 3-Hydroxyanthranilic acid, Aminoadipate, Gluconic acid, Histamine, Indoleacrylic acid, Indolepropionic acid, Linoleate, Pyridoxine (PN), Quinolinic acid, ...112, CoA, dCTP, dTTP, Malonyl-CoA, PAP[] 
 []


Overfull \hbox (349.2426pt too wide) in paragraph at lines 707--707
[]\T1/lmtt/m/n/10 ## i Use `spec()` to retrieve the full column specification for this data. i Specify the column types or set `show_col_types = FALSE` to quiet this message.[] 
 []

[12] [13]
Underfull \hbox (badness 10000) in paragraph at lines 867--869

 []

[14]
Underfull \vbox (badness 10000) detected at line 969
 []


Underfull \vbox (badness 10000) detected at line 969
 []

[15]
Underfull \hbox (badness 10000) in paragraph at lines 979--982

 []


Underfull \hbox (badness 10000) in paragraph at lines 982--985

 []

<2023.05.01_HW4-FinalProject_Dougherty_files/figure-latex/unnamed-chunk-9-1.pdf, id=184, 469.755pt x 325.215pt>
File: 2023.05.01_HW4-FinalProject_Dougherty_files/figure-latex/unnamed-chunk-9-1.pdf Graphic file (type pdf)
<use 2023.05.01_HW4-FinalProject_Dougherty_files/figure-latex/unnamed-chunk-9-1.pdf>
Package pdftex.def Info: 2023.05.01_HW4-FinalProject_Dougherty_files/figure-latex/unnamed-chunk-9-1.pdf  used on input line 1011.
(pdftex.def)             Requested size: 469.75386pt x 325.2142pt.
[16]
<2023.05.01_HW4-FinalProject_Dougherty_files/figure-latex/unnamed-chunk-9-2.pdf, id=190, 469.755pt x 325.215pt>
File: 2023.05.01_HW4-FinalProject_Dougherty_files/figure-latex/unnamed-chunk-9-2.pdf Graphic file (type pdf)
<use 2023.05.01_HW4-FinalProject_Dougherty_files/figure-latex/unnamed-chunk-9-2.pdf>
Package pdftex.def Info: 2023.05.01_HW4-FinalProject_Dougherty_files/figure-latex/unnamed-chunk-9-2.pdf  used on input line 1028.
(pdftex.def)             Requested size: 469.75386pt x 325.2142pt.
[17 <./2023.05.01_HW4-FinalProject_Dougherty_files/figure-latex/unnamed-chunk-9-1.pdf>]
<2023.05.01_HW4-FinalProject_Dougherty_files/figure-latex/unnamed-chunk-9-3.pdf, id=200, 469.755pt x 325.215pt>
File: 2023.05.01_HW4-FinalProject_Dougherty_files/figure-latex/unnamed-chunk-9-3.pdf Graphic file (type pdf)
<use 2023.05.01_HW4-FinalProject_Dougherty_files/figure-latex/unnamed-chunk-9-3.pdf>
Package pdftex.def Info: 2023.05.01_HW4-FinalProject_Dougherty_files/figure-latex/unnamed-chunk-9-3.pdf  used on input line 1045.
(pdftex.def)             Requested size: 469.75386pt x 325.2142pt.
[18 <./2023.05.01_HW4-FinalProject_Dougherty_files/figure-latex/unnamed-chunk-9-2.pdf>]
Overfull \hbox (1672.23875pt too wide) in paragraph at lines 1072--1072
[]\T1/lmtt/m/n/10 ##  [1] "beta-Hydroxybutyrate (3-Hydroxybutyrate)" "Lysine"                                   "Spermidine"                               "N-Acetylglutamine"                        "Ornithine"                                "FAD"                                      "Citrulline"                               "Tryptophol"                               "NAD+"                                     "Butyryl-CoA"[] 
 []

[19 <./2023.05.01_HW4-FinalProject_Dougherty_files/figure-latex/unnamed-chunk-9-3.pdf>] (./2023.05.01_HW4-FinalProject_Dougherty.aux)
Package rerunfilecheck Info: File `2023.05.01_HW4-FinalProject_Dougherty.out' has not changed.
(rerunfilecheck)             Checksum: 83CFDB1EB3A5AB74161244BB84FB51A6;4023.
 ) 
Here is how much of TeX's memory you used:
 11215 strings out of 477977
 181184 string characters out of 5837492
 1933660 words of memory out of 5000000
 31163 multiletter control sequences out of 15000+600000
 569122 words of font info for 80 fonts, out of 8000000 for 9000
 14 hyphenation exceptions out of 8191
 75i,6n,76p,934b,578s stack positions out of 10000i,1000n,20000p,200000b,200000s
<c:/Users/mark1/AppData/Roaming/TinyTeX/texmf-dist/fonts/type1/public/lm/lmbx10.pfb><c:/Users/mark1/AppData/Roaming/TinyTeX/texmf-dist/fonts/type1/public/lm/lmbx12.pfb><c:/Users/mark1/AppData/Roaming/TinyTeX/texmf-dist/fonts/type1/public/lm/lmbxi10.pfb><c:/Users/mark1/AppData/Roaming/TinyTeX/texmf-dist/fonts/type1/public/lm/lmr10.pfb><c:/Users/mark1/AppData/Roaming/TinyTeX/texmf-dist/fonts/type1/public/lm/lmr12.pfb><c:/Users/mark1/AppData/Roaming/TinyTeX/texmf-dist/fonts/type1/public/lm/lmr17.pfb><c:/Users/mark1/AppData/Roaming/TinyTeX/texmf-dist/fonts/type1/public/lm/lmri10.pfb><c:/Users/mark1/AppData/Roaming/TinyTeX/texmf-dist/fonts/type1/public/lm/lmtk10.pfb><c:/Users/mark1/AppData/Roaming/TinyTeX/texmf-dist/fonts/type1/public/lm/lmtko10.pfb><c:/Users/mark1/AppData/Roaming/TinyTeX/texmf-dist/fonts/type1/public/lm/lmtt10.pfb><c:/Users/mark1/AppData/Roaming/TinyTeX/texmf-dist/fonts/type1/public/lm/lmtti10.pfb>
Output written on 2023.05.01_HW4-FinalProject_Dougherty.pdf (19 pages, 836013 bytes).
PDF statistics:
 292 PDF objects out of 1000 (max. 8388607)
 227 compressed objects within 3 object streams
 59 named destinations out of 1000 (max. 500000)
 140 words of extra memory for PDF output out of 10000 (max. 10000000)

